https://youtu.be/OXljMLg-Uqg
https://youtu.be/zErInRrtukM
https://youtu.be/8aGhZQkoFbQ
https://youtu.be/cCOL7MC4Pl0
https://youtu.be/wdX6TuFW-y4
https://youtu.be/gjAuU7ZuYz4
https://youtu.be/2YcDkw-XnJo
https://youtu.be/ut_A7QhMMtw
https://youtu.be/gyTKiuPjWM8
https://youtu.be/oeSdpv4-VTg
https://youtu.be/J_MCO65YQ7c
https://youtu.be/IyKtKwc7sho
https://youtu.be/R2-JiMkyEnw
https://youtu.be/FLU8JMvCDTY
https://youtu.be/FLU8JMvCDTY
https://youtu.be/pZdONdpwtwk
https://youtu.be/DMmfNWzUQk8
https://youtu.be/ZtKx5BN0xuM
https://youtu.be/FxF0bODgoRA
https://youtu.be/BMtDj5dP3e0
https://youtu.be/SXdH-jW_sxA
https://youtu.be/5UqUwdjTiUc
https://youtu.be/5UqUwdjTiUc
https://youtu.be/P51wJN91yWM
https://youtu.be/zXGh0Ja2yfc
https://youtu.be/m4_rqm4d1a4
https://youtu.be/CO8Zh_NFxTs
https://youtu.be/jdwoEAz7xBk
https://youtu.be/HIctOhImr1s
https://youtu.be/ksrNVsdYdlM
https://youtu.be/Dw3NStBzOrQ
https://youtu.be/qipIRQptP_4
https://youtu.be/u_mayI9dJCM
https://youtu.be/x5LivlyznZQ
https://youtu.be/H5p-i_5OPWI
https://youtu.be/dKvXbWUT8rw
https://youtu.be/adUhBUJ21Hs
https://youtu.be/mpMttzBWcmM
https://youtu.be/1b_RZE8GiQY
https://youtu.be/UzTPBy2acio
https://youtu.be/YNA7h_vUwd8
https://youtu.be/p-ZUpkghWEw
https://youtu.be/kRluP-ur74U
https://youtu.be/YalsDzrDYys
https://youtu.be/B94uQMA9MJc
https://youtu.be/zcgBs5DUBqw
https://youtu.be/c_3fNMAXhT8
https://www.youtube.com/watch?v=axzaNXVcl1k
https://youtu.be/tpdNcmjMHq4
https://youtu.be/JxfeBGpFWP0
https://youtu.be/xpaI0VFNN-I
https://youtu.be/DuwCalxgAV8
https://youtu.be/07ELTesmZlo
https://youtu.be/fkhhWKybKps
https://youtu.be/-O-5vA_8x88
https://youtu.be/iHYWjJB2JvM
https://youtu.be/-O-5vA_8x88
https://youtu.be/3_Td5rabBZo
https://github.com/metarhia/Roadmap
https://github.com/metarhia/swayer/blob/feat/framework-enhancements/bin/swr.js
https://www.youtube.com/watch?v=_g9bjgicmDI
https://youtu.be/dUVeSzikOtE
https://youtu.be/DTQL6ZTjj5Q
https://www.youtube.com/watch?v=s2gAKg9CtsI
https://youtu.be/8oO6aOAIfe4
https://youtu.be/I4RpltsiXxQ
https://youtu.be/4MALTpgktAQ
https://youtu.be/7Um6ZuDMvoI
https://youtu.be/-dyMvx09OQo
https://youtu.be/vLmFSQZD-jQ
https://www.youtube.com/watch?v=VmKl4kAGitc
https://youtu.be/aWDShpCbeU8
https://www.youtube.com/watch?v=I5PNFA677mU
https://youtu.be/cqWiMmoTRnU
https://youtu.be/09tZx9vfZuw
https://youtu.be/6FYP0clwKnQ
https://youtu.be/09tZx9vfZuw
https://youtu.be/KXgFiBluFD4
https://youtu.be/wytSb_wKuYA
https://youtu.be/aAqZdl5iY_8
https://youtu.be/Ux3n0Cyzp38
https://youtu.be/dA9AaR7Qs6c
https://youtu.be/GarIimK-c-0
https://youtu.be/WXxmZELa68o
https://youtu.be/tVbucFvrQhY
https://youtu.be/JKlXOYSF97g
https://youtu.be/Y8eiRRCk3oU
https://youtu.be/NDekYRbizOc
https://youtu.be/FrlUfPuLglg
https://youtu.be/IKb39YQ6nf8
https://youtu.be/sffd2WdNzPc
https://youtu.be/WnwzObiXRbA
