https://youtu.be/dUhnZBcW2no
https://youtu.be/Xbail8QXwJk
https://youtu.be/HIlQyD-FBWM
https://youtu.be/HO8kqYiuHzA
https://youtu.be/uvBeaEnLaH8
https://youtu.be/pOVsksux_bg
https://youtu.be/CiOq5QUTk6I
https://youtu.be/MOjVGoO6S7I
https://youtu.be/BupL7_M1EnI
https://youtu.be/RtIilwagfJs
https://youtu.be/5uHDnltdieM
https://youtu.be/R3QLVdVdorY
https://youtu.be/xh6yaQi_0h0
https://youtu.be/NBsM25NoTG0
https://youtu.be/o6S0L7gRUkw
https://youtu.be/OPKIzs1ODlM
https://youtu.be/5lBPJ5UPOEc
https://youtu.be/Ven-vp5Lqg4
https://youtu.be/dhjWDqChHag
https://youtu.be/aDQtQP6xpT8
https://youtu.be/OYUvaWV885E
https://youtu.be/c9jf1GnHo4M
https://youtu.be/ikp72konuxE
https://youtu.be/Tc1h7wUtSNo
https://www.youtube.com/watch?v=p2beCQofMgw
https://www.youtube.com/watch?v=KXZNH-3ex7s
https://www.youtube.com/watch?v=xxkrJjLvaao
https://www.youtube.com/watch?v=9i0u1L6HNB8
https://www.youtube.com/watch?v=h1gif5N1FWI
https://www.youtube.com/watch?v=vd0cG32B5M4
https://www.youtube.com/watch?v=BhBWZPvqraY
https://www.youtube.com/watch?v=7Oi97OD9F2M
https://www.youtube.com/watch?v=nF6rMRrV_S4
https://www.youtube.com/watch?v=NoA0s0o_8bY
https://www.youtube.com/watch?v=X4ACnV0vtr4
https://www.youtube.com/watch?v=unmKA3NtMtY
https://www.youtube.com/watch?v=Pj7C6_eBPVk
https://www.youtube.com/watch?v=6ZuJnIKrM5k
https://www.youtube.com/watch?v=m38YDb9KlDo
https://www.youtube.com/watch?v=HbeW8h0J_aA
https://www.youtube.com/watch?v=mSCRHWHP0yo
https://www.youtube.com/watch?v=-sJD314kJvQ
https://www.youtube.com/watch?v=Eo_QZOYzn7U
